2025-08-14 07:36:49 [queue.INFO] [yii\db\Connection::open] Opening DB connection: mysql:host=db;dbname=db;port=3306 {"memory":952320} 
2025-08-14 07:36:49 [queue.INFO] [yii\web\Session::open] Session started {"memory":1095504} 
2025-08-14 07:36:49 [queue.INFO] [nystudio107\vite\Vite::init] Vite plugin loaded {"memory":1266936} 
2025-08-14 07:36:49 [queue.INFO] [yii\db\Connection::open] Opening DB connection: mysql:host=db;dbname=db;port=3306 {"memory":1400624} 
2025-08-14 07:36:49 [queue.INFO] [craft\queue\QueueLogBehavior::beforeExec]  [1] t9n:["app","Updating search indexes"] (attempt: 1, pid: 1651) - Started {"memory":1524992} 
2025-08-14 07:36:49 [queue.INFO] [craft\queue\QueueLogBehavior::afterExec]  [1] t9n:["app","Updating search indexes"] (attempt: 1, pid: 1651) - Done (time: 0.012s) {"memory":1766776} 
2025-08-14 07:36:49 [queue.INFO] [application] Request context:
$_GET = [
    'p' => 'admin/actions/queue/run'
    'v' => '1755182209369'
]

$_POST = []

$_FILES = []

$_COOKIE = [
    'CraftSessionId' => 'mn1vqad2hr7s331rligfrhiks6'
    '67b8e92784e782886f4c760956d309e5_identity' => 'b6732bfd13e147eb46930a9b680b647c43a92b2621f1dc7f5d564db74d612735a:2:{i:0;s:41:\"67b8e92784e782886f4c760956d309e5_identity\";i:1;s:159:\"[1,\"[\\\"7M328FHy1ToMVqey5bQd7fZ1Nmn7v4Xlg2LjkOdE24EKgqAIL4RyqF71MkDTa4aBTT1znzWNhMycmFEkl95dzalEWwzfR-mMnlWO\\\",null,\\\"ce69b851c4edc7eebfb3998aa94a7157\\\"]\",3600]\";}'
    'CRAFT_CSRF_TOKEN' => '••••••••••••••••••••••••••••••••••••••••••••••••••••••••••••••••••••••••••••••••••••••••••••••••••••••••••••••••••••••••••••••••••••••••••••••••••••••••••••••••••••••••••••••••••••••••••••••••••••••••••••••••••••••••••••••••••••••••••••••••••••••••••••••••••'
    '67b8e92784e782886f4c760956d309e5_username' => '9e41b9523ff017697539b7b1070fafc5922e4553abe533f85e92a687bca61e41a:2:{i:0;s:41:\"67b8e92784e782886f4c760956d309e5_username\";i:1;s:5:\"admin\";}'
    'Craft-1c2aa35f-c538-4920-bf09-6f09fbe1737b:sidebar' => 'expanded'
    'Craft-1c2aa35f-c538-4920-bf09-6f09fbe1737b:sidebar-details' => 'expanded'
]

$_SESSION = [
    'fa9df39fc7369300a093cf0cd737f968__flash' => []
    '67b8e92784e782886f4c760956d309e5__token' => '••••••••••••••••••••••••••••••••••••••••••••••••••••••••••••••••••••••••••••••••••••••••••••••••••••'
    '67b8e92784e782886f4c760956d309e5__id' => 1
    '__authKey' => '••••••••••••••••••••••••••••••••••••••••••••••••••••••••••••••••••••••••••••••••••••••••••••••••••••••••••••••••••••••••••••••••••••••••••••••••'
    '67b8e92784e782886f4c760956d309e5__expire' => 1755185809
    '__duration' => 3600
    '__elevated_timeout' => 1755182471
]

$_SERVER = [
    'DEPLOY_NAME' => 'local'
    'DDEV_WEBSERVER_TYPE' => 'nginx-fpm'
    'npm_config_cache' => '/mnt/ddev-global-cache/npm'
    'COREPACK_ENABLE_DOWNLOAD_PROMPT' => '0'
    'DDEV_GOOS' => 'darwin'
    'IS_DDEV_PROJECT' => 'true'
    'PHP_DEFAULT_VERSION' => '8.3'
    'HOSTNAME' => 'craft-vite-ddev-starter-web'
    'MAILPIT_SMTP_PORT' => '1025'
    'MH_SMTP_BIND_ADDR' => '127.0.0.1:1025'
    'DDEV_PRIMARY_URL_WITHOUT_PORT' => 'https://craft-vite-ddev-starter.ddev.site'
    'CRAFT_DB_PORT' => '3306'
    'DDEV_GID' => '20'
    'SSH_AUTH_SOCK' => '/home/.ssh-agent/socket'
    'NODE_EXTRA_CA_CERTS' => '/mnt/ddev-global-cache/mkcert/rootCA.pem'
    'DOCKER_IP' => '127.0.0.1'
    'PGPASSWORD' => 'db'
    'CRAFT_WEB_ROOT' => '/var/www/html/web'
    'DDEV_DOCROOT' => 'web'
    'PWD' => '/var/www/html'
    'PLATFORMSH_CLI_UPDATES_CHECK' => '0'
    'DDEV_APPROOT' => '/var/www/html'
    'DDEV_FILES_DIR' => ''
    'START_SCRIPT_TIMEOUT' => '30'
    'APACHE_SITE_TEMPLATE' => '/etc/apache2/apache-site.conf'
    'PHP_INI' => '/etc/php/8.3/fpm/php.ini'
    'DDEV_VERSION' => 'v1.24.7'
    'PRIMARY_SITE_URL' => 'https://craft-vite-ddev-starter.ddev.site/'
    'TZ' => 'Europe/London'
    'DDEV_XHPROF_MODE' => 'prepend'
    'HTTPS_EXPOSE' => '443:80,8026:8025,5173:5173'
    'COREPACK_HOME' => '/mnt/ddev-global-cache/corepack'
    'CRAFT_DB_DATABASE' => 'db'
    'DDEV_PRIMARY_URL' => 'https://craft-vite-ddev-starter.ddev.site'
    'LINES' => '23'
    'DDEV_SITENAME' => 'craft-vite-ddev-starter'
    'HOME' => '/home/gethindavies'
    'DRUSH_OPTIONS_URI' => 'https://craft-vite-ddev-starter.ddev.site'
    'LANG' => 'C.UTF-8'
    'COLUMNS' => '247'
    'DDEV_MUTAGEN_ENABLED' => 'true'
    'DDEV_USER' => 'gethindavies'
    'PGUSER' => 'db'
    'TERMINUS_CACHE_DIR' => '/mnt/ddev-global-cache/terminus/cache'
    'DDEV_PRIMARY_URL_PORT' => '443'
    'DDEV_ROUTER_HTTP_PORT' => '80'
    'MAILPIT_SMTP_HOSTNAME' => '127.0.0.1'
    'CRAFT_DB_DRIVER' => 'mysql'
    'COMPOSER_PROCESS_TIMEOUT' => '2000'
    'NGINX_SITE_TEMPLATE' => '/etc/nginx/nginx-site.conf'
    'DDEV_FILES_DIRS' => ''
    'CRAFT_DB_SERVER' => 'db'
    'HTTP_EXPOSE' => '80:80,8025:8025,5172:5173'
    'NVM_DIR' => '/home/gethindavies/.nvm'
    'DDEV_PHP_VERSION' => '8.3'
    'DDEV_TLD' => 'ddev.site'
    'DDEV_HOSTNAME' => 'craft-vite-ddev-starter.ddev.site'
    'DDEV_PROJECT' => 'craft-vite-ddev-starter'
    'DDEV_GOARCH' => 'arm64'
    'VIRTUAL_HOST' => 'craft-vite-ddev-starter.ddev.site'
    'TERM' => 'xterm'
    'USER' => 'gethindavies'
    'MYSQL_HISTFILE' => '/mnt/ddev-global-cache/mysqlhistory/craft-vite-ddev-starter-web/mysql_history'
    'DDEV_WEB_ENTRYPOINT' => '/mnt/ddev_config/web-entrypoint.d'
    'DDEV_UID' => '501'
    'CAROOT' => '/mnt/ddev-global-cache/mkcert'
    'SHLVL' => '1'
    'COMPOSER_ALLOW_SUPERUSER' => '1'
    'BASH_ENV' => '/etc/bash.nointeractive.bashrc'
    'DDEV_DATABASE' => 'mysql:8.0'
    'PGDATABASE' => 'db'
    'CRAFT_DB_USER' => 'db'
    'DDEV_SCHEME' => 'https'
    'XHPROF_OUTPUT_DIR' => '/tmp/xhprof'
    'COMPOSER_CACHE_DIR' => '/mnt/ddev-global-cache/composer'
    'DDEV_XDEBUG_ENABLED' => 'false'
    'DDEV_DATABASE_FAMILY' => 'mysql'
    'PGHOST' => 'db'
    'DDEV_COMPOSER_ROOT' => '/var/www/html'
    'CRAFT_DB_PASSWORD' => '••'
    'DOCROOT' => 'web'
    'TERMINUS_HIDE_UPDATE_MESSAGE' => '1'
    'PATH' => '/home/gethindavies/bin:/var/www/html/vendor/bin:/usr/local/sbin:/usr/local/bin:/usr/sbin:/usr/bin:/sbin:/bin:/var/www/html/bin:/mnt/ddev-global-cache/global-commands/web'
    'HOST_DOCKER_INTERNAL_IP' => ''
    'DDEV_PROJECT_TYPE' => 'craftcms'
    'DEBIAN_FRONTEND' => 'noninteractive'
    'DDEV_ROUTER_HTTPS_PORT' => '443'
    'EXECIGNORE' => '/var/www/html/vendor/bin/composer'
    'SUPERVISOR_ENABLED' => '1'
    'SUPERVISOR_SERVER_URL' => 'unix:///var/run/supervisor.sock'
    'SUPERVISOR_PROCESS_NAME' => 'php-fpm'
    'SUPERVISOR_GROUP_NAME' => 'php-fpm'
    'HTTP_X_REQUESTED_WITH' => 'XMLHttpRequest'
    'HTTP_X_REGISTERED_JS_FILES' => ''
    'HTTP_X_REGISTERED_ASSET_BUNDLES' => 'e38a2e07,22e517a2,aee7f8dc,26c46c25,e505ffd6,6b4d7555,bb2f10a0,e5e48399,815d39ea,fc0bc163,1ccab40d,1e21896b,54698ee0,b842675b,1c3c9add,4b1fd285,d8d08e47,8f00ce04,8768f48b,cf3018d6,ec6d0256,11858fc6,8550f857,c7a8fe38'
    'HTTP_X_REAL_IP' => '172.18.0.1'
    'HTTP_X_FORWARDED_SERVER' => '99b039f39904'
    'HTTP_X_FORWARDED_PROTO' => 'https'
    'HTTP_X_FORWARDED_PORT' => '443'
    'HTTP_X_FORWARDED_HOST' => 'craft-vite-ddev-starter.ddev.site'
    'HTTP_X_FORWARDED_FOR' => '172.18.0.1'
    'HTTP_X_CSRF_TOKEN' => '••••••••••••••••••••••••••••••••••••••••••••••••••••••••••••••••••••••••••••••••••••••••••••••••••••••••••••••••••••••••••••••••••••••••••••••••••••••••••••••••••••••••••••••••••••••••••••••••••••••••••••••••••••••••••••••••••••••••••••••••••••••••••••••••••••••••••••••••••••••••••••••••••••••••••••••••••••••••••••••••••••••••••••••••••••••••••••••••••••••••••••••••••••••••••••••••••••••••'
    'HTTP_SEC_FETCH_SITE' => 'same-origin'
    'HTTP_SEC_FETCH_MODE' => 'cors'
    'HTTP_SEC_FETCH_DEST' => 'empty'
    'HTTP_SEC_CH_UA_PLATFORM' => '\"macOS\"'
    'HTTP_SEC_CH_UA_MOBILE' => '?0'
    'HTTP_SEC_CH_UA' => '\"Not)A;Brand\";v=\"8\", \"Chromium\";v=\"138\", \"Google Chrome\";v=\"138\"'
    'HTTP_REFERER' => 'https://craft-vite-ddev-starter.ddev.site/admin/dashboard'
    'HTTP_PRIORITY' => 'u=1, i'
    'HTTP_ORIGIN' => 'https://craft-vite-ddev-starter.ddev.site'
    'HTTP_COOKIE' => 'CraftSessionId=mn1vqad2hr7s331rligfrhiks6; 67b8e92784e782886f4c760956d309e5_identity=b6732bfd13e147eb46930a9b680b647c43a92b2621f1dc7f5d564db74d612735a%3A2%3A%7Bi%3A0%3Bs%3A41%3A%2267b8e92784e782886f4c760956d309e5_identity%22%3Bi%3A1%3Bs%3A159%3A%22%5B1%2C%22%5B%5C%227M328FHy1ToMVqey5bQd7fZ1Nmn7v4Xlg2LjkOdE24EKgqAIL4RyqF71MkDTa4aBTT1znzWNhMycmFEkl95dzalEWwzfR-mMnlWO%5C%22%2Cnull%2C%5C%22ce69b851c4edc7eebfb3998aa94a7157%5C%22%5D%22%2C3600%5D%22%3B%7D; CRAFT_CSRF_TOKEN=89ad1ffb786ad8b68cc1b7f76a64c5c269968c4c44c6470cebcc3ba38e770deaa%3A2%3A%7Bi%3A0%3Bs%3A16%3A%22CRAFT_CSRF_TOKEN%22%3Bi%3A1%3Bs%3A147%3A%220TRWzJC3hy13H8h1aXJjHJ5PSuH0H5c5XXRK3DxA%7C7d604125a34891131aa0123449d93f436c050379c8185a174141b97baae1ad1b0TRWzJC3hy13H8h1aXJjHJ5PSuH0H5c5XXRK3DxA%7C1%22%3B%7D; 67b8e92784e782886f4c760956d309e5_username=9e41b9523ff017697539b7b1070fafc5922e4553abe533f85e92a687bca61e41a%3A2%3A%7Bi%3A0%3Bs%3A41%3A%2267b8e92784e782886f4c760956d309e5_username%22%3Bi%3A1%3Bs%3A5%3A%22admin%22%3B%7D; Craft-1c2aa35f-c538-4920-bf09-6f09fbe1737b:sidebar=expanded; Craft-1c2aa35f-c538-4920-bf09-6f09fbe1737b:sidebar-details=expanded'
    'HTTP_ACCEPT_LANGUAGE' => 'en-GB,en-US;q=0.9,en;q=0.8'
    'HTTP_ACCEPT_ENCODING' => 'gzip, deflate, br, zstd'
    'HTTP_ACCEPT' => 'application/json, text/plain, */*'
    'HTTP_CONTENT_LENGTH' => '0'
    'HTTP_USER_AGENT' => 'Mozilla/5.0 (Macintosh; Intel Mac OS X 10_15_7) AppleWebKit/537.36 (KHTML, like Gecko) Chrome/138.0.0.0 Safari/537.36'
    'HTTP_HOST' => 'craft-vite-ddev-starter.ddev.site'
    'HTTPS' => 'on'
    'REDIRECT_STATUS' => '200'
    'SERVER_NAME' => 'craft-vite-ddev-starter.ddev.site'
    'SERVER_PORT' => '80'
    'SERVER_ADDR' => '172.18.0.3'
    'REMOTE_PORT' => '33422'
    'REMOTE_ADDR' => '172.18.0.5'
    'SERVER_SOFTWARE' => 'nginx/1.28.0'
    'GATEWAY_INTERFACE' => 'CGI/1.1'
    'REQUEST_SCHEME' => 'http'
    'SERVER_PROTOCOL' => 'HTTP/1.1'
    'DOCUMENT_ROOT' => '/var/www/html/web'
    'DOCUMENT_URI' => '/index.php'
    'REQUEST_URI' => '/index.php?p=admin%2Factions%2Fqueue%2Frun&v=1755182209369'
    'CONTENT_LENGTH' => '0'
    'CONTENT_TYPE' => ''
    'REQUEST_METHOD' => 'POST'
    'QUERY_STRING' => 'p=admin%2Factions%2Fqueue%2Frun&v=1755182209369'
    'SCRIPT_NAME' => '/index.php'
    'SCRIPT_FILENAME' => '/var/www/html/web/index.php'
    'FCGI_ROLE' => 'RESPONDER'
    'PHP_SELF' => '/index.php'
    'REQUEST_TIME_FLOAT' => 1755182209.3712
    'REQUEST_TIME' => 1755182209
    'CRAFT_ENVIRONMENT' => 'dev'
    'CRAFT_SECURITY_KEY' => '••••••••••••••••••••••••••••••••'
    'CRAFT_DEV_MODE' => 'true'
    'CRAFT_ALLOW_ADMIN_CHANGES' => 'true'
    'CRAFT_DISALLOW_ROBOTS' => 'true'
    'CRAFT_APP_ID' => 'CraftCMS--6a928620-c7ba-45d5-827e-2f6e9716cdcc'
] {"environment":"dev","userId":1} 
